<?xml version="1.0" encoding="UTF-8"?>
<testng-results ignored="0" total="1" passed="1" failed="0" skipped="0">
  <reporter-output>
    <line>
      <![CDATA[Mod1]]>
    </line>
  </reporter-output>
  <suite started-at="2024-09-01T10:43:15 IST" name="Suite" finished-at="2024-09-01T10:43:15 IST" duration-ms="113">
    <groups>
    </groups>
    <test started-at="2024-09-01T10:43:15 IST" name="Test" finished-at="2024-09-01T10:43:15 IST" duration-ms="113">
      <class name="com.test.testscript.DemoMaven">
        <test-method signature="mod1()[pri:0, instance:com.test.testscript.DemoMaven@1ed6388a]" started-at="2024-09-01T10:43:15 IST" name="mod1" finished-at="2024-09-01T10:43:15 IST" duration-ms="29" status="PASS">
          <reporter-output>
            <line>
              <![CDATA[Mod1]]>
            </line>
          </reporter-output>
        </test-method> <!-- mod1 -->
      </class> <!-- com.test.testscript.DemoMaven -->
    </test> <!-- Test -->
  </suite> <!-- Suite -->
</testng-results>
